Using pre-set license
Built from '2022.2/staging' branch; Version is '2022.2.5f1 (551d45108343) revision 5578053'; Using compiler version '192829333'; Build Type 'Release'
OS: 'Windows 11  (10.0.22621) 64bit Core' Language: 'en' Physical Memory: 28524 MB
BatchMode: 1, IsHumanControllingUs: 0, StartBugReporterOnCrash: 0, Is64bit: 1, IsPro: 1

COMMAND LINE ARGUMENTS:
C:\Program Files\Unity\Hub\Editor\2022.2.5f1\Editor\Unity.exe
-adb2
-batchMode
-noUpm
-name
AssetImportWorker5
-projectPath
C:/Users/meesv/Github/Mees-Daphne-puzzle-platformer/Puzzle-Platformer
-logFile
Logs/AssetImportWorker5.log
-srvPort
9492
Successfully changed project path to: C:/Users/meesv/Github/Mees-Daphne-puzzle-platformer/Puzzle-Platformer
C:/Users/meesv/Github/Mees-Daphne-puzzle-platformer/Puzzle-Platformer
[UnityMemory] Configuration Parameters - Can be set up in boot.config
    "memorysetup-bucket-allocator-granularity=16"
    "memorysetup-bucket-allocator-bucket-count=8"
    "memorysetup-bucket-allocator-block-size=33554432"
    "memorysetup-bucket-allocator-block-count=8"
    "memorysetup-main-allocator-block-size=16777216"
    "memorysetup-thread-allocator-block-size=16777216"
    "memorysetup-gfx-main-allocator-block-size=16777216"
    "memorysetup-gfx-thread-allocator-block-size=16777216"
    "memorysetup-cache-allocator-block-size=4194304"
    "memorysetup-typetree-allocator-block-size=2097152"
    "memorysetup-profiler-bucket-allocator-granularity=16"
    "memorysetup-profiler-bucket-allocator-bucket-count=8"
    "memorysetup-profiler-bucket-allocator-block-size=33554432"
    "memorysetup-profiler-bucket-allocator-block-count=8"
    "memorysetup-profiler-allocator-block-size=16777216"
    "memorysetup-profiler-editor-allocator-block-size=1048576"
    "memorysetup-temp-allocator-size-main=16777216"
    "memorysetup-job-temp-allocator-block-size=2097152"
    "memorysetup-job-temp-allocator-block-size-background=1048576"
    "memorysetup-job-temp-allocator-reduction-small-platforms=262144"
    "memorysetup-temp-allocator-size-background-worker=32768"
    "memorysetup-temp-allocator-size-job-worker=262144"
    "memorysetup-temp-allocator-size-preload-manager=33554432"
    "memorysetup-temp-allocator-size-nav-mesh-worker=65536"
    "memorysetup-temp-allocator-size-audio-worker=65536"
    "memorysetup-temp-allocator-size-cloud-worker=32768"
    "memorysetup-temp-allocator-size-gi-baking-worker=262144"
    "memorysetup-temp-allocator-size-gfx=262144"
Player connection [6892] Host "[IP] 145.93.69.151 [Port] 0 [Flags] 2 [Guid] 1810510479 [EditorId] 1810510479 [Version] 1048832 [Id] WindowsEditor(7,LAPTOP-0CVS6KRB) [Debug] 1 [PackageName] WindowsEditor [ProjectName] Editor" joined multi-casting on [225.0.0.222:54997]...

Player connection [6892] Host "[IP] 145.93.69.151 [Port] 0 [Flags] 2 [Guid] 1810510479 [EditorId] 1810510479 [Version] 1048832 [Id] WindowsEditor(7,LAPTOP-0CVS6KRB) [Debug] 1 [PackageName] WindowsEditor [ProjectName] Editor" joined alternative multi-casting on [225.0.0.222:34997]...

Refreshing native plugins compatible for Editor in 12.74 ms, found 3 plugins.
Preloading 0 native plugins for Editor in 0.00 ms.
Initialize engine version: 2022.2.5f1 (551d45108343)
[Subsystems] Discovering subsystems at path C:/Program Files/Unity/Hub/Editor/2022.2.5f1/Editor/Data/Resources/UnitySubsystems
[Subsystems] Discovering subsystems at path C:/Users/meesv/Github/Mees-Daphne-puzzle-platformer/Puzzle-Platformer/Assets
GfxDevice: creating device client; threaded=0; jobified=0
Direct3D:
    Version:  Direct3D 11.0 [level 11.1]
    Renderer: NVIDIA GeForce RTX 3050 Laptop GPU (ID=0x25a2)
    Vendor:   NVIDIA
    VRAM:     3979 MB
    Driver:   31.0.15.2756
Initialize mono
Mono path[0] = 'C:/Program Files/Unity/Hub/Editor/2022.2.5f1/Editor/Data/Managed'
Mono path[1] = 'C:/Program Files/Unity/Hub/Editor/2022.2.5f1/Editor/Data/MonoBleedingEdge/lib/mono/unityjit-win32'
Mono config path = 'C:/Program Files/Unity/Hub/Editor/2022.2.5f1/Editor/Data/MonoBleedingEdge/etc'
Using monoOptions --debugger-agent=transport=dt_socket,embedding=1,server=y,suspend=n,address=127.0.0.1:56728
Begin MonoManager ReloadAssembly
Registering precompiled unity dll's ...
Register platform support module: C:/Program Files/Unity/Hub/Editor/2022.2.5f1/Editor/Data/PlaybackEngines/WebGLSupport/UnityEditor.WebGL.Extensions.dll
Register platform support module: C:/Program Files/Unity/Hub/Editor/2022.2.5f1/Editor/Data/PlaybackEngines/WindowsStandaloneSupport/UnityEditor.WindowsStandalone.Extensions.dll
Registered in 0.008388 seconds.
- Loaded All Assemblies, in  0.341 seconds
Native extension for WindowsStandalone target not found
Native extension for WebGL target not found
Mono: successfully reloaded assembly
- Finished resetting the current domain, in  0.309 seconds
Domain Reload Profiling:
	ReloadAssembly (201ms)
		BeginReloadAssembly (76ms)
			ExecutionOrderSort (0ms)
			DisableScriptedObjects (0ms)
			BackupInstance (0ms)
			ReleaseScriptingObjects (0ms)
			CreateAndSetChildDomain (1ms)
		LoadAllAssembliesAndSetupDomain (0ms)
			LoadAssemblies (73ms)
			RebuildTransferFunctionScriptingTraits (0ms)
			SetupTypeCache (132ms)
				TypeCache.Initialize (132ms)
					TypeCache.ScanAssembly (130ms)
				ResolveRequiredComponents (0ms)
		FinalizeReload (0ms)
			ReleaseScriptCaches (0ms)
			RebuildScriptCaches (0ms)
			SetupLoadedEditorAssemblies (247ms)
				LogAssemblyErrors (0ms)
				InitializePlatformSupportModulesInManaged (11ms)
				SetLoadedEditorAssemblies (6ms)
				RefreshPlugins (0ms)
				BeforeProcessingInitializeOnLoad (2ms)
				ProcessInitializeOnLoadAttributes (181ms)
				ProcessInitializeOnLoadMethodAttributes (46ms)
				AfterProcessingInitializeOnLoad (0ms)
				EditorAssembliesLoaded (0ms)
			ExecutionOrderSort2 (0ms)
			AwakeInstancesAfterBackupRestoration (0ms)
========================================================================
Worker process is ready to serve import requests
Begin MonoManager ReloadAssembly
Symbol file LoadedFromMemory doesn't match image C:\Users\meesv\Github\Mees-Daphne-puzzle-platformer\Puzzle-Platformer\Library\PackageCache\com.unity.visualscripting@1.8.0\Editor\VisualScripting.Core\Dependencies\YamlDotNet\Unity.VisualScripting.YamlDotNet.dll
Symbol file LoadedFromMemory doesn't match image C:\Users\meesv\Github\Mees-Daphne-puzzle-platformer\Puzzle-Platformer\Library\PackageCache\com.unity.visualscripting@1.8.0\Editor\VisualScripting.Core\Dependencies\DotNetZip\Unity.VisualScripting.IonicZip.dll
- Loaded All Assemblies, in  0.873 seconds
Refreshing native plugins compatible for Editor in 4.89 ms, found 3 plugins.
Native extension for WindowsStandalone target not found
Native extension for WebGL target not found
Mono: successfully reloaded assembly
- Finished resetting the current domain, in  0.567 seconds
Domain Reload Profiling:
	ReloadAssembly (210ms)
		BeginReloadAssembly (114ms)
			ExecutionOrderSort (0ms)
			DisableScriptedObjects (6ms)
			BackupInstance (0ms)
			ReleaseScriptingObjects (0ms)
			CreateAndSetChildDomain (21ms)
		LoadAllAssembliesAndSetupDomain (661ms)
			LoadAssemblies (234ms)
			RebuildTransferFunctionScriptingTraits (0ms)
			SetupTypeCache (473ms)
				TypeCache.Initialize (279ms)
					TypeCache.ScanAssembly (274ms)
				ResolveRequiredComponents (6ms)
		FinalizeReload (0ms)
			ReleaseScriptCaches (0ms)
			RebuildScriptCaches (0ms)
			SetupLoadedEditorAssemblies (383ms)
				LogAssemblyErrors (0ms)
				InitializePlatformSupportModulesInManaged (7ms)
				SetLoadedEditorAssemblies (5ms)
				RefreshPlugins (0ms)
				BeforeProcessingInitializeOnLoad (66ms)
				ProcessInitializeOnLoadAttributes (277ms)
				ProcessInitializeOnLoadMethodAttributes (20ms)
				AfterProcessingInitializeOnLoad (7ms)
				EditorAssembliesLoaded (0ms)
			ExecutionOrderSort2 (0ms)
			AwakeInstancesAfterBackupRestoration (7ms)
Launched and connected shader compiler UnityShaderCompiler.exe after 0.06 seconds
Refreshing native plugins compatible for Editor in 3.56 ms, found 3 plugins.
Preloading 0 native plugins for Editor in 0.00 ms.
Unloading 3083 Unused Serialized files (Serialized files now loaded: 0)
Unloading 23 unused Assets / (66.3 KB). Loaded Objects now: 3547.
Memory consumption went from 481.3 MB to 481.2 MB.
Total: 3.178500 ms (FindLiveObjects: 0.287600 ms CreateObjectMapping: 0.115200 ms MarkObjects: 2.669800 ms  DeleteObjects: 0.104800 ms)

AssetImportParameters requested are different than current active one (requested -> active):
  custom:container-demuxer-ogg: 62fdf1f143b41e24485cea50d1cbac27 -> 
  custom:video-codec-MediaFoundation-h265: 746d11721c4dcdbdad8f713fa42b33f4 -> 
  custom:video-decoder-ogg-theora: a1e56fd34408186e4bbccfd4996cb3dc -> 
  custom:framework-win-MediaFoundation: 216162199b28c13a410421893ffa2e32 -> 
  custom:container-demuxer-webm: 4f35f7cbe854078d1ac9338744f61a02 -> 
  custom:container-muxer-webm: aa71ff27fc2769a1b78a27578f13a17b -> 
  custom:video-decoder-webm-vp8: 9c59270c3fd7afecdb556c50c9e8de78 -> 
  custom:AudioImporter_EditorPlatform: d09bf68614088b80899f8185d706f6e7 -> 
  custom:video-encoder-webm-vp8: eb34c28f22e8b96e1ab97ce403110664 -> 
  custom:audio-decoder-ogg-vorbis: bf7c407c2cedff20999df2af8eb42d56 -> 
  custom:audio-encoder-webm-vorbis: bf7c407c2cedff20999df2af8eb42d56 -> 
========================================================================
Received Prepare
Begin MonoManager ReloadAssembly
Symbol file LoadedFromMemory doesn't match image C:\Users\meesv\Github\Mees-Daphne-puzzle-platformer\Puzzle-Platformer\Library\PackageCache\com.unity.visualscripting@1.8.0\Editor\VisualScripting.Core\Dependencies\YamlDotNet\Unity.VisualScripting.YamlDotNet.dll
Symbol file LoadedFromMemory doesn't match image C:\Users\meesv\Github\Mees-Daphne-puzzle-platformer\Puzzle-Platformer\Library\PackageCache\com.unity.visualscripting@1.8.0\Editor\VisualScripting.Core\Dependencies\DotNetZip\Unity.VisualScripting.IonicZip.dll
- Loaded All Assemblies, in  0.856 seconds
Refreshing native plugins compatible for Editor in 3.03 ms, found 3 plugins.
Native extension for WindowsStandalone target not found
Native extension for WebGL target not found
Mono: successfully reloaded assembly
- Finished resetting the current domain, in  1.110 seconds
Domain Reload Profiling:
	ReloadAssembly (221ms)
		BeginReloadAssembly (134ms)
			ExecutionOrderSort (0ms)
			DisableScriptedObjects (6ms)
			BackupInstance (0ms)
			ReleaseScriptingObjects (0ms)
			CreateAndSetChildDomain (37ms)
		LoadAllAssembliesAndSetupDomain (632ms)
			LoadAssemblies (247ms)
			RebuildTransferFunctionScriptingTraits (0ms)
			SetupTypeCache (437ms)
				TypeCache.Initialize (262ms)
					TypeCache.ScanAssembly (256ms)
				ResolveRequiredComponents (4ms)
		FinalizeReload (0ms)
			ReleaseScriptCaches (0ms)
			RebuildScriptCaches (0ms)
			SetupLoadedEditorAssemblies (461ms)
				LogAssemblyErrors (0ms)
				InitializePlatformSupportModulesInManaged (10ms)
				SetLoadedEditorAssemblies (6ms)
				RefreshPlugins (0ms)
				BeforeProcessingInitializeOnLoad (93ms)
				ProcessInitializeOnLoadAttributes (317ms)
				ProcessInitializeOnLoadMethodAttributes (27ms)
				AfterProcessingInitializeOnLoad (8ms)
				EditorAssembliesLoaded (0ms)
			ExecutionOrderSort2 (0ms)
			AwakeInstancesAfterBackupRestoration (9ms)
Refreshing native plugins compatible for Editor in 5.08 ms, found 3 plugins.
Preloading 0 native plugins for Editor in 0.00 ms.
Unloading 3077 Unused Serialized files (Serialized files now loaded: 0)
Unloading 18 unused Assets / (40.6 KB). Loaded Objects now: 3550.
Memory consumption went from 480.4 MB to 480.3 MB.
Total: 4.197100 ms (FindLiveObjects: 0.464400 ms CreateObjectMapping: 0.336200 ms MarkObjects: 3.335700 ms  DeleteObjects: 0.059900 ms)

Prepare: number of updated asset objects reloaded= 0
AssetImportParameters requested are different than current active one (requested -> active):
  custom:container-demuxer-ogg: 62fdf1f143b41e24485cea50d1cbac27 -> 
  custom:video-codec-MediaFoundation-h265: 746d11721c4dcdbdad8f713fa42b33f4 -> 
  custom:video-decoder-ogg-theora: a1e56fd34408186e4bbccfd4996cb3dc -> 
  custom:framework-win-MediaFoundation: 216162199b28c13a410421893ffa2e32 -> 
  custom:container-demuxer-webm: 4f35f7cbe854078d1ac9338744f61a02 -> 
  custom:container-muxer-webm: aa71ff27fc2769a1b78a27578f13a17b -> 
  custom:video-decoder-webm-vp8: 9c59270c3fd7afecdb556c50c9e8de78 -> 
  custom:AudioImporter_EditorPlatform: d09bf68614088b80899f8185d706f6e7 -> 
  custom:video-encoder-webm-vp8: eb34c28f22e8b96e1ab97ce403110664 -> 
  custom:audio-decoder-ogg-vorbis: bf7c407c2cedff20999df2af8eb42d56 -> 
  custom:audio-encoder-webm-vorbis: bf7c407c2cedff20999df2af8eb42d56 -> 
========================================================================
Received Prepare
Begin MonoManager ReloadAssembly
Symbol file LoadedFromMemory doesn't match image C:\Users\meesv\Github\Mees-Daphne-puzzle-platformer\Puzzle-Platformer\Library\PackageCache\com.unity.visualscripting@1.8.0\Editor\VisualScripting.Core\Dependencies\YamlDotNet\Unity.VisualScripting.YamlDotNet.dll
Symbol file LoadedFromMemory doesn't match image C:\Users\meesv\Github\Mees-Daphne-puzzle-platformer\Puzzle-Platformer\Library\PackageCache\com.unity.visualscripting@1.8.0\Editor\VisualScripting.Core\Dependencies\DotNetZip\Unity.VisualScripting.IonicZip.dll
- Loaded All Assemblies, in  0.942 seconds
Refreshing native plugins compatible for Editor in 5.85 ms, found 3 plugins.
Native extension for WindowsStandalone target not found
Native extension for WebGL target not found
Mono: successfully reloaded assembly
- Finished resetting the current domain, in  1.216 seconds
Domain Reload Profiling:
	ReloadAssembly (209ms)
		BeginReloadAssembly (129ms)
			ExecutionOrderSort (0ms)
			DisableScriptedObjects (6ms)
			BackupInstance (0ms)
			ReleaseScriptingObjects (0ms)
			CreateAndSetChildDomain (38ms)
		LoadAllAssembliesAndSetupDomain (730ms)
			LoadAssemblies (256ms)
			RebuildTransferFunctionScriptingTraits (0ms)
			SetupTypeCache (522ms)
				TypeCache.Initialize (321ms)
					TypeCache.ScanAssembly (314ms)
				ResolveRequiredComponents (4ms)
		FinalizeReload (0ms)
			ReleaseScriptCaches (0ms)
			RebuildScriptCaches (0ms)
			SetupLoadedEditorAssemblies (573ms)
				LogAssemblyErrors (0ms)
				InitializePlatformSupportModulesInManaged (13ms)
				SetLoadedEditorAssemblies (6ms)
				RefreshPlugins (0ms)
				BeforeProcessingInitializeOnLoad (109ms)
				ProcessInitializeOnLoadAttributes (399ms)
				ProcessInitializeOnLoadMethodAttributes (34ms)
				AfterProcessingInitializeOnLoad (12ms)
				EditorAssembliesLoaded (0ms)
			ExecutionOrderSort2 (0ms)
			AwakeInstancesAfterBackupRestoration (10ms)
Refreshing native plugins compatible for Editor in 6.23 ms, found 3 plugins.
Preloading 0 native plugins for Editor in 0.00 ms.
Unloading 3077 Unused Serialized files (Serialized files now loaded: 0)
Unloading 18 unused Assets / (40.5 KB). Loaded Objects now: 3553.
Memory consumption went from 480.4 MB to 480.3 MB.
Total: 5.621100 ms (FindLiveObjects: 0.298000 ms CreateObjectMapping: 0.296500 ms MarkObjects: 4.959700 ms  DeleteObjects: 0.065900 ms)

Prepare: number of updated asset objects reloaded= 0
AssetImportParameters requested are different than current active one (requested -> active):
  custom:container-demuxer-ogg: 62fdf1f143b41e24485cea50d1cbac27 -> 
  custom:video-codec-MediaFoundation-h265: 746d11721c4dcdbdad8f713fa42b33f4 -> 
  custom:video-decoder-ogg-theora: a1e56fd34408186e4bbccfd4996cb3dc -> 
  custom:framework-win-MediaFoundation: 216162199b28c13a410421893ffa2e32 -> 
  custom:container-demuxer-webm: 4f35f7cbe854078d1ac9338744f61a02 -> 
  custom:container-muxer-webm: aa71ff27fc2769a1b78a27578f13a17b -> 
  custom:video-decoder-webm-vp8: 9c59270c3fd7afecdb556c50c9e8de78 -> 
  custom:AudioImporter_EditorPlatform: d09bf68614088b80899f8185d706f6e7 -> 
  custom:video-encoder-webm-vp8: eb34c28f22e8b96e1ab97ce403110664 -> 
  custom:audio-decoder-ogg-vorbis: bf7c407c2cedff20999df2af8eb42d56 -> 
  custom:audio-encoder-webm-vorbis: bf7c407c2cedff20999df2af8eb42d56 -> 
========================================================================
Received Prepare
Begin MonoManager ReloadAssembly
Symbol file LoadedFromMemory doesn't match image C:\Users\meesv\Github\Mees-Daphne-puzzle-platformer\Puzzle-Platformer\Library\PackageCache\com.unity.visualscripting@1.8.0\Editor\VisualScripting.Core\Dependencies\YamlDotNet\Unity.VisualScripting.YamlDotNet.dll
Symbol file LoadedFromMemory doesn't match image C:\Users\meesv\Github\Mees-Daphne-puzzle-platformer\Puzzle-Platformer\Library\PackageCache\com.unity.visualscripting@1.8.0\Editor\VisualScripting.Core\Dependencies\DotNetZip\Unity.VisualScripting.IonicZip.dll
- Loaded All Assemblies, in  0.952 seconds
Refreshing native plugins compatible for Editor in 4.53 ms, found 3 plugins.
Native extension for WindowsStandalone target not found
Native extension for WebGL target not found
Mono: successfully reloaded assembly
- Finished resetting the current domain, in  0.994 seconds
Domain Reload Profiling:
	ReloadAssembly (201ms)
		BeginReloadAssembly (129ms)
			ExecutionOrderSort (0ms)
			DisableScriptedObjects (5ms)
			BackupInstance (0ms)
			ReleaseScriptingObjects (0ms)
			CreateAndSetChildDomain (39ms)
		LoadAllAssembliesAndSetupDomain (750ms)
			LoadAssemblies (242ms)
			RebuildTransferFunctionScriptingTraits (0ms)
			SetupTypeCache (547ms)
				TypeCache.Initialize (265ms)
					TypeCache.ScanAssembly (256ms)
				ResolveRequiredComponents (4ms)
		FinalizeReload (0ms)
			ReleaseScriptCaches (0ms)
			RebuildScriptCaches (0ms)
			SetupLoadedEditorAssemblies (428ms)
				LogAssemblyErrors (0ms)
				InitializePlatformSupportModulesInManaged (9ms)
				SetLoadedEditorAssemblies (6ms)
				RefreshPlugins (0ms)
				BeforeProcessingInitializeOnLoad (82ms)
				ProcessInitializeOnLoadAttributes (299ms)
				ProcessInitializeOnLoadMethodAttributes (24ms)
				AfterProcessingInitializeOnLoad (8ms)
				EditorAssembliesLoaded (0ms)
			ExecutionOrderSort2 (0ms)
			AwakeInstancesAfterBackupRestoration (9ms)
Refreshing native plugins compatible for Editor in 3.15 ms, found 3 plugins.
Preloading 0 native plugins for Editor in 0.00 ms.
Unloading 3077 Unused Serialized files (Serialized files now loaded: 0)
Unloading 18 unused Assets / (40.5 KB). Loaded Objects now: 3556.
Memory consumption went from 480.4 MB to 480.3 MB.
Total: 5.426000 ms (FindLiveObjects: 0.734600 ms CreateObjectMapping: 0.352800 ms MarkObjects: 4.256200 ms  DeleteObjects: 0.080700 ms)

Prepare: number of updated asset objects reloaded= 0
AssetImportParameters requested are different than current active one (requested -> active):
  custom:container-demuxer-ogg: 62fdf1f143b41e24485cea50d1cbac27 -> 
  custom:video-codec-MediaFoundation-h265: 746d11721c4dcdbdad8f713fa42b33f4 -> 
  custom:video-decoder-ogg-theora: a1e56fd34408186e4bbccfd4996cb3dc -> 
  custom:framework-win-MediaFoundation: 216162199b28c13a410421893ffa2e32 -> 
  custom:container-demuxer-webm: 4f35f7cbe854078d1ac9338744f61a02 -> 
  custom:container-muxer-webm: aa71ff27fc2769a1b78a27578f13a17b -> 
  custom:video-decoder-webm-vp8: 9c59270c3fd7afecdb556c50c9e8de78 -> 
  custom:AudioImporter_EditorPlatform: d09bf68614088b80899f8185d706f6e7 -> 
  custom:video-encoder-webm-vp8: eb34c28f22e8b96e1ab97ce403110664 -> 
  custom:audio-decoder-ogg-vorbis: bf7c407c2cedff20999df2af8eb42d56 -> 
  custom:audio-encoder-webm-vorbis: bf7c407c2cedff20999df2af8eb42d56 -> 
========================================================================
Received Import Request.
  Time since last request: 42967.005360 seconds.
  path: Assets/SyntyStudios/PolygonKnights/Prefabs/Environments/SM_Env_Canal_02.prefab
  artifactKey: Guid(d150e6d2d6589744e86c10c51120cbd5) Importer(815301076,1909f56bfc062723c751e8b465ee728b)
Start importing Assets/SyntyStudios/PolygonKnights/Prefabs/Environments/SM_Env_Canal_02.prefab using Guid(d150e6d2d6589744e86c10c51120cbd5) Importer(815301076,1909f56bfc062723c751e8b465ee728b)  -> (artifact id: '0346d1bf3504e5c45c288b11bc36f696') in 0.131318 seconds 
Number of updated asset objects reloaded before import = 0
Number of asset objects unloaded after import = 17
========================================================================
Received Import Request.
  Time since last request: 0.000045 seconds.
  path: Assets/SyntyStudios/PolygonKnights/Prefabs/Environments/SM_Env_Path_Cobble_Stone_01.prefab
  artifactKey: Guid(d9ca6272e5ae5c04db745d7397ddedb2) Importer(815301076,1909f56bfc062723c751e8b465ee728b)
Start importing Assets/SyntyStudios/PolygonKnights/Prefabs/Environments/SM_Env_Path_Cobble_Stone_01.prefab using Guid(d9ca6272e5ae5c04db745d7397ddedb2) Importer(815301076,1909f56bfc062723c751e8b465ee728b)  -> (artifact id: 'b6deb04fdb0bd92a6274c047c4d63326') in 0.013106 seconds 
Number of updated asset objects reloaded before import = 0
Number of asset objects unloaded after import = 9
========================================================================
Received Import Request.
  Time since last request: 0.000029 seconds.
  path: Assets/SyntyStudios/PolygonKnights/Prefabs/Environments/SM_Env_Tree_Twisted_01.prefab
  artifactKey: Guid(77c54194384c09a45b991556c9fe41a5) Importer(815301076,1909f56bfc062723c751e8b465ee728b)
Start importing Assets/SyntyStudios/PolygonKnights/Prefabs/Environments/SM_Env_Tree_Twisted_01.prefab using Guid(77c54194384c09a45b991556c9fe41a5) Importer(815301076,1909f56bfc062723c751e8b465ee728b)  -> (artifact id: '418ee66671f755b42ad8c861659a77e6') in 0.014379 seconds 
Number of updated asset objects reloaded before import = 0
Number of asset objects unloaded after import = 17
========================================================================
Received Import Request.
  Time since last request: 0.000030 seconds.
  path: Assets/SyntyStudios/PolygonKnights/Prefabs/Environments/SM_Env_Tree_Twisted_02.prefab
  artifactKey: Guid(51c1c04146bac56469780953edd2418c) Importer(815301076,1909f56bfc062723c751e8b465ee728b)
Start importing Assets/SyntyStudios/PolygonKnights/Prefabs/Environments/SM_Env_Tree_Twisted_02.prefab using Guid(51c1c04146bac56469780953edd2418c) Importer(815301076,1909f56bfc062723c751e8b465ee728b)  -> (artifact id: '1293e9008ddf2036de4edda80fe1b285') in 0.015777 seconds 
Number of updated asset objects reloaded before import = 0
Number of asset objects unloaded after import = 17
========================================================================
Received Import Request.
  Time since last request: 0.000027 seconds.
  path: Assets/SyntyStudios/PolygonKnights/Prefabs/Environments/SM_Env_Cloud_06.prefab
  artifactKey: Guid(446f7ff8ef8707242a32cac44fec75f6) Importer(815301076,1909f56bfc062723c751e8b465ee728b)
Start importing Assets/SyntyStudios/PolygonKnights/Prefabs/Environments/SM_Env_Cloud_06.prefab using Guid(446f7ff8ef8707242a32cac44fec75f6) Importer(815301076,1909f56bfc062723c751e8b465ee728b)  -> (artifact id: '7b3e3b026e24b038100931f16fabf966') in 0.012979 seconds 
Number of updated asset objects reloaded before import = 0
Number of asset objects unloaded after import = 9
========================================================================
Received Import Request.
  Time since last request: 0.000034 seconds.
  path: Assets/SyntyStudios/PolygonKnights/Prefabs/Environments/SM_Env_MountainSnow_02.prefab
  artifactKey: Guid(379aef8e43219a14ebef74d9cdd557e8) Importer(815301076,1909f56bfc062723c751e8b465ee728b)
Start importing Assets/SyntyStudios/PolygonKnights/Prefabs/Environments/SM_Env_MountainSnow_02.prefab using Guid(379aef8e43219a14ebef74d9cdd557e8) Importer(815301076,1909f56bfc062723c751e8b465ee728b)  -> (artifact id: '7750ddc9408ca47f71b7a267e66ca22e') in 0.014911 seconds 
Number of updated asset objects reloaded before import = 0
Number of asset objects unloaded after import = 10
========================================================================
Received Import Request.
  Time since last request: 0.000025 seconds.
  path: Assets/SyntyStudios/PolygonKnights/Prefabs/Environments/SM_Env_Path_Cobble_01.prefab
  artifactKey: Guid(cd63e7ed2d501564ebcb6cd6729e699e) Importer(815301076,1909f56bfc062723c751e8b465ee728b)
Start importing Assets/SyntyStudios/PolygonKnights/Prefabs/Environments/SM_Env_Path_Cobble_01.prefab using Guid(cd63e7ed2d501564ebcb6cd6729e699e) Importer(815301076,1909f56bfc062723c751e8b465ee728b)  -> (artifact id: 'ad6f1801fd227a487c0c27fa80822f6d') in 0.013620 seconds 
Number of updated asset objects reloaded before import = 0
Number of asset objects unloaded after import = 10
========================================================================
Received Import Request.
  Time since last request: 0.000019 seconds.
  path: Assets/SyntyStudios/PolygonKnights/Prefabs/Environments/SM_Env_Path_Dirt_04.prefab
  artifactKey: Guid(ceaa0dad70b28974ebaa1df6c39af657) Importer(815301076,1909f56bfc062723c751e8b465ee728b)
Start importing Assets/SyntyStudios/PolygonKnights/Prefabs/Environments/SM_Env_Path_Dirt_04.prefab using Guid(ceaa0dad70b28974ebaa1df6c39af657) Importer(815301076,1909f56bfc062723c751e8b465ee728b)  -> (artifact id: '39d5e38c4f2014bd5149f43986fe2556') in 0.011862 seconds 
Number of updated asset objects reloaded before import = 0
Number of asset objects unloaded after import = 10
========================================================================
Received Import Request.
  Time since last request: 0.000039 seconds.
  path: Assets/SyntyStudios/PolygonKnights/Prefabs/Environments/SM_Env_Path_Cobble_02.prefab
  artifactKey: Guid(f19c957688bdf7849aa321d60569a6b2) Importer(815301076,1909f56bfc062723c751e8b465ee728b)
Start importing Assets/SyntyStudios/PolygonKnights/Prefabs/Environments/SM_Env_Path_Cobble_02.prefab using Guid(f19c957688bdf7849aa321d60569a6b2) Importer(815301076,1909f56bfc062723c751e8b465ee728b)  -> (artifact id: '8cd609be88afe1d33f64262b0a6bb1ef') in 0.013931 seconds 
Number of updated asset objects reloaded before import = 0
Number of asset objects unloaded after import = 10
========================================================================
Received Import Request.
  Time since last request: 0.000034 seconds.
  path: Assets/SyntyStudios/PolygonKnights/Prefabs/Environments/SM_Env_Cliff_01.prefab
  artifactKey: Guid(b1c5ebf76ee684f4d9c641a1fc1523cf) Importer(815301076,1909f56bfc062723c751e8b465ee728b)
Start importing Assets/SyntyStudios/PolygonKnights/Prefabs/Environments/SM_Env_Cliff_01.prefab using Guid(b1c5ebf76ee684f4d9c641a1fc1523cf) Importer(815301076,1909f56bfc062723c751e8b465ee728b)  -> (artifact id: '2c3b5ea943d0c8a6474eee29f78d39fa') in 0.015912 seconds 
Number of updated asset objects reloaded before import = 0
Number of asset objects unloaded after import = 10
========================================================================
Received Import Request.
  Time since last request: 0.000033 seconds.
  path: Assets/SyntyStudios/PolygonKnights/Prefabs/Environments/SM_Env_Path_Stone_01.prefab
  artifactKey: Guid(32949ef0637572547b3ec7683f284b74) Importer(815301076,1909f56bfc062723c751e8b465ee728b)
Start importing Assets/SyntyStudios/PolygonKnights/Prefabs/Environments/SM_Env_Path_Stone_01.prefab using Guid(32949ef0637572547b3ec7683f284b74) Importer(815301076,1909f56bfc062723c751e8b465ee728b)  -> (artifact id: '5296c3505bb4d8576a624233ec360045') in 0.018095 seconds 
Number of updated asset objects reloaded before import = 0
Number of asset objects unloaded after import = 9
========================================================================
Received Import Request.
  Time since last request: 0.000032 seconds.
  path: Assets/SyntyStudios/PolygonKnights/Prefabs/Environments/SM_Env_Grass_01.prefab
  artifactKey: Guid(f21c48374d4fdc4489f7894214718503) Importer(815301076,1909f56bfc062723c751e8b465ee728b)
Start importing Assets/SyntyStudios/PolygonKnights/Prefabs/Environments/SM_Env_Grass_01.prefab using Guid(f21c48374d4fdc4489f7894214718503) Importer(815301076,1909f56bfc062723c751e8b465ee728b)  -> (artifact id: '0be3f651fc9745026c650b3da4843eea') in 0.016774 seconds 
Number of updated asset objects reloaded before import = 0
Number of asset objects unloaded after import = 9
========================================================================
Received Import Request.
  Time since last request: 0.000032 seconds.
  path: Assets/SyntyStudios/PolygonKnights/Prefabs/Environments/SM_Env_Path_Dirt_06.prefab
  artifactKey: Guid(9f84f38f7b779a54fb770311cc732a2f) Importer(815301076,1909f56bfc062723c751e8b465ee728b)
Start importing Assets/SyntyStudios/PolygonKnights/Prefabs/Environments/SM_Env_Path_Dirt_06.prefab using Guid(9f84f38f7b779a54fb770311cc732a2f) Importer(815301076,1909f56bfc062723c751e8b465ee728b)  -> (artifact id: '37c31003323dcff98be6e68ab37770f1') in 0.013454 seconds 
Number of updated asset objects reloaded before import = 0
Number of asset objects unloaded after import = 10
========================================================================
Received Import Request.
  Time since last request: 0.000024 seconds.
  path: Assets/SyntyStudios/PolygonKnights/Prefabs/Environments/SM_Env_Path_Tile_Corner_01.prefab
  artifactKey: Guid(ec3399d2c026f3d42be5a32a04d6a75c) Importer(815301076,1909f56bfc062723c751e8b465ee728b)
Start importing Assets/SyntyStudios/PolygonKnights/Prefabs/Environments/SM_Env_Path_Tile_Corner_01.prefab using Guid(ec3399d2c026f3d42be5a32a04d6a75c) Importer(815301076,1909f56bfc062723c751e8b465ee728b)  -> (artifact id: '5e67e44e239b3ed5d4320c2ee0cf4d52') in 0.013835 seconds 
Number of updated asset objects reloaded before import = 0
Number of asset objects unloaded after import = 11
========================================================================
Received Import Request.
  Time since last request: 0.000021 seconds.
  path: Assets/SyntyStudios/PolygonKnights/Prefabs/Environments/SM_Env_GroundMound_01.prefab
  artifactKey: Guid(f0d166010146cdc4eb7c784d54eda812) Importer(815301076,1909f56bfc062723c751e8b465ee728b)
Start importing Assets/SyntyStudios/PolygonKnights/Prefabs/Environments/SM_Env_GroundMound_01.prefab using Guid(f0d166010146cdc4eb7c784d54eda812) Importer(815301076,1909f56bfc062723c751e8b465ee728b)  -> (artifact id: 'af86bec5dda01c80741d7c43da677c31') in 0.014629 seconds 
Number of updated asset objects reloaded before import = 0
Number of asset objects unloaded after import = 10
========================================================================
Received Import Request.
  Time since last request: 0.000032 seconds.
  path: Assets/SyntyStudios/PolygonKnights/Prefabs/Environments/SM_Env_Path_Dirt_03.prefab
  artifactKey: Guid(5192ca6ecc300684cb6da5af87a67b3b) Importer(815301076,1909f56bfc062723c751e8b465ee728b)
Start importing Assets/SyntyStudios/PolygonKnights/Prefabs/Environments/SM_Env_Path_Dirt_03.prefab using Guid(5192ca6ecc300684cb6da5af87a67b3b) Importer(815301076,1909f56bfc062723c751e8b465ee728b)  -> (artifact id: 'acefd6decb4ed52769a7bf7703e2bfad') in 0.011392 seconds 
Number of updated asset objects reloaded before import = 0
Number of asset objects unloaded after import = 10
========================================================================
Received Import Request.
  Time since last request: 5.830785 seconds.
  path: Assets/SyntyStudios/PolygonKnights/Prefabs/Environments/Snow/SM_Env_Path_Cobble_02_Snow.prefab
  artifactKey: Guid(e767b7dde8a52b14b871fe9a295bb8df) Importer(815301076,1909f56bfc062723c751e8b465ee728b)
Start importing Assets/SyntyStudios/PolygonKnights/Prefabs/Environments/Snow/SM_Env_Path_Cobble_02_Snow.prefab using Guid(e767b7dde8a52b14b871fe9a295bb8df) Importer(815301076,1909f56bfc062723c751e8b465ee728b)  -> (artifact id: '626ed933226df6c4d91f38ac40bcb72a') in 0.021566 seconds 
Number of updated asset objects reloaded before import = 0
Number of asset objects unloaded after import = 10
========================================================================
Received Import Request.
  Time since last request: 0.000034 seconds.
  path: Assets/SyntyStudios/PolygonKnights/Prefabs/Environments/Snow/SM_Env_Tile_Snow_01.prefab
  artifactKey: Guid(0342ae64093dbba4f84d82ae8f84abce) Importer(815301076,1909f56bfc062723c751e8b465ee728b)
Start importing Assets/SyntyStudios/PolygonKnights/Prefabs/Environments/Snow/SM_Env_Tile_Snow_01.prefab using Guid(0342ae64093dbba4f84d82ae8f84abce) Importer(815301076,1909f56bfc062723c751e8b465ee728b)  -> (artifact id: '023d4aacc8926fa524b54ef33afb7c25') in 0.032741 seconds 
Number of updated asset objects reloaded before import = 0
Number of asset objects unloaded after import = 10
========================================================================
Received Import Request.
  Time since last request: 0.000038 seconds.
  path: Assets/SyntyStudios/PolygonKnights/Prefabs/Environments/Snow/SM_Env_Path_Stone_03_Snow.prefab
  artifactKey: Guid(688de4c1c62c6d74cbb51f5a006f0e1e) Importer(815301076,1909f56bfc062723c751e8b465ee728b)
Start importing Assets/SyntyStudios/PolygonKnights/Prefabs/Environments/Snow/SM_Env_Path_Stone_03_Snow.prefab using Guid(688de4c1c62c6d74cbb51f5a006f0e1e) Importer(815301076,1909f56bfc062723c751e8b465ee728b)  -> (artifact id: '4736d23e2569f5d60dc0d1847ade7e74') in 0.026047 seconds 
Number of updated asset objects reloaded before import = 0
Number of asset objects unloaded after import = 10
========================================================================
Received Import Request.
  Time since last request: 0.000021 seconds.
  path: Assets/SyntyStudios/PolygonKnights/Prefabs/Environments/Snow/SM_Env_Path_Tile_01_Snow.prefab
  artifactKey: Guid(1bc0af6d47e7ebb43bb2638e709f3d4e) Importer(815301076,1909f56bfc062723c751e8b465ee728b)
Start importing Assets/SyntyStudios/PolygonKnights/Prefabs/Environments/Snow/SM_Env_Path_Tile_01_Snow.prefab using Guid(1bc0af6d47e7ebb43bb2638e709f3d4e) Importer(815301076,1909f56bfc062723c751e8b465ee728b)  -> (artifact id: 'd2c142a68e859a6ac001a55a9f59fe0c') in 0.016261 seconds 
Number of updated asset objects reloaded before import = 0
Number of asset objects unloaded after import = 10
========================================================================
Received Import Request.
  Time since last request: 0.000023 seconds.
  path: Assets/SyntyStudios/PolygonKnights/Prefabs/Environments/Snow/SM_Env_RockPile_01_Snow.prefab
  artifactKey: Guid(0638d268456199b4b94365aa57b60205) Importer(815301076,1909f56bfc062723c751e8b465ee728b)
Start importing Assets/SyntyStudios/PolygonKnights/Prefabs/Environments/Snow/SM_Env_RockPile_01_Snow.prefab using Guid(0638d268456199b4b94365aa57b60205) Importer(815301076,1909f56bfc062723c751e8b465ee728b)  -> (artifact id: '5d3144013bd3ec5f1cca90b5379e71fd') in 0.036026 seconds 
Number of updated asset objects reloaded before import = 0
Number of asset objects unloaded after import = 10
========================================================================
Received Import Request.
  Time since last request: 0.000021 seconds.
  path: Assets/SyntyStudios/PolygonKnights/Prefabs/Environments/Snow/SM_Env_RockPile_03_Snow.prefab
  artifactKey: Guid(69b33826ebcdc5645b088aff8dbfb8e2) Importer(815301076,1909f56bfc062723c751e8b465ee728b)
Start importing Assets/SyntyStudios/PolygonKnights/Prefabs/Environments/Snow/SM_Env_RockPile_03_Snow.prefab using Guid(69b33826ebcdc5645b088aff8dbfb8e2) Importer(815301076,1909f56bfc062723c751e8b465ee728b)  -> (artifact id: '8a8aabcd39ed8b00f0c3b0faa7aa2c2d') in 0.015527 seconds 
Number of updated asset objects reloaded before import = 0
Number of asset objects unloaded after import = 10
========================================================================
Received Import Request.
  Time since last request: 0.000033 seconds.
  path: Assets/SyntyStudios/PolygonKnights/Prefabs/Environments/Snow/SM_Env_Tree_02_Snow.prefab
  artifactKey: Guid(7619d966c4cb59b42aa66eebb0a05945) Importer(815301076,1909f56bfc062723c751e8b465ee728b)
Start importing Assets/SyntyStudios/PolygonKnights/Prefabs/Environments/Snow/SM_Env_Tree_02_Snow.prefab using Guid(7619d966c4cb59b42aa66eebb0a05945) Importer(815301076,1909f56bfc062723c751e8b465ee728b)  -> (artifact id: '7d291322101e24804daf53148033860d') in 0.028090 seconds 
Number of updated asset objects reloaded before import = 0
Number of asset objects unloaded after import = 15
========================================================================
Received Import Request.
  Time since last request: 17.531653 seconds.
  path: Assets/SyntyStudios/PolygonKnights/Prefabs/Props/SM_Prop_Banner_03.prefab
  artifactKey: Guid(c0b5622ce34bb094cb5eb8145c93566d) Importer(815301076,1909f56bfc062723c751e8b465ee728b)
Start importing Assets/SyntyStudios/PolygonKnights/Prefabs/Props/SM_Prop_Banner_03.prefab using Guid(c0b5622ce34bb094cb5eb8145c93566d) Importer(815301076,1909f56bfc062723c751e8b465ee728b)  -> (artifact id: '2391ddefb9a0355dec0c5c1120011079') in 0.034076 seconds 
Number of updated asset objects reloaded before import = 0
Number of asset objects unloaded after import = 11
========================================================================
Received Import Request.
  Time since last request: 0.000024 seconds.
  path: Assets/SyntyStudios/PolygonKnights/Prefabs/Props/SM_Prop_Statue_01.prefab
  artifactKey: Guid(015f23238a8ca9f4d80f824581484228) Importer(815301076,1909f56bfc062723c751e8b465ee728b)
Start importing Assets/SyntyStudios/PolygonKnights/Prefabs/Props/SM_Prop_Statue_01.prefab using Guid(015f23238a8ca9f4d80f824581484228) Importer(815301076,1909f56bfc062723c751e8b465ee728b)  -> (artifact id: 'd6dd44d9a157e8c50c83529b3605b0cf') in 0.032091 seconds 
Number of updated asset objects reloaded before import = 0
Number of asset objects unloaded after import = 15
========================================================================
Received Import Request.
  Time since last request: 0.000024 seconds.
  path: Assets/SyntyStudios/PolygonKnights/Prefabs/Props/SM_Prop_Statue_Base_01.prefab
  artifactKey: Guid(c6edd771222566e40b46e11cb85b9bad) Importer(815301076,1909f56bfc062723c751e8b465ee728b)
Start importing Assets/SyntyStudios/PolygonKnights/Prefabs/Props/SM_Prop_Statue_Base_01.prefab using Guid(c6edd771222566e40b46e11cb85b9bad) Importer(815301076,1909f56bfc062723c751e8b465ee728b)  -> (artifact id: '27e4ba15635d684ea8927e453e94b3ac') in 0.037516 seconds 
Number of updated asset objects reloaded before import = 0
Number of asset objects unloaded after import = 11
========================================================================
Received Import Request.
  Time since last request: 0.000033 seconds.
  path: Assets/SyntyStudios/PolygonKnights/Prefabs/Props/SM_Prop_WaterWheel_01.prefab
  artifactKey: Guid(190d4c69c7643e94c8c3a81ad97ce81e) Importer(815301076,1909f56bfc062723c751e8b465ee728b)
Start importing Assets/SyntyStudios/PolygonKnights/Prefabs/Props/SM_Prop_WaterWheel_01.prefab using Guid(190d4c69c7643e94c8c3a81ad97ce81e) Importer(815301076,1909f56bfc062723c751e8b465ee728b)  -> (artifact id: '8638390a2a91605955cc95503e18d135') in 0.029364 seconds 
Number of updated asset objects reloaded before import = 0
Number of asset objects unloaded after import = 11
========================================================================
Received Import Request.
  Time since last request: 0.000017 seconds.
  path: Assets/SyntyStudios/PolygonKnights/Prefabs/Props/SM_Prop_Fence_02.prefab
  artifactKey: Guid(7360d30a05af7804195e76840febbe6e) Importer(815301076,1909f56bfc062723c751e8b465ee728b)
Start importing Assets/SyntyStudios/PolygonKnights/Prefabs/Props/SM_Prop_Fence_02.prefab using Guid(7360d30a05af7804195e76840febbe6e) Importer(815301076,1909f56bfc062723c751e8b465ee728b)  -> (artifact id: 'd222861fa7f0e1344220e5cf415f509e') in 0.029051 seconds 
Number of updated asset objects reloaded before import = 0
Number of asset objects unloaded after import = 11
========================================================================
Received Import Request.
  Time since last request: 0.000030 seconds.
  path: Assets/SyntyStudios/PolygonKnights/Prefabs/Props/SM_Prop_Gravestone_01.prefab
  artifactKey: Guid(a6cb2939c27644a4fb2c7ccfaeb7f585) Importer(815301076,1909f56bfc062723c751e8b465ee728b)
Start importing Assets/SyntyStudios/PolygonKnights/Prefabs/Props/SM_Prop_Gravestone_01.prefab using Guid(a6cb2939c27644a4fb2c7ccfaeb7f585) Importer(815301076,1909f56bfc062723c751e8b465ee728b)  -> (artifact id: 'c535684fe1172a3aaf6f25dea0a5a675') in 0.033912 seconds 
Number of updated asset objects reloaded before import = 0
Number of asset objects unloaded after import = 11
========================================================================
Received Import Request.
  Time since last request: 4.141552 seconds.
  path: Assets/SyntyStudios/PolygonKnights/Prefabs/Characters/Character_Knight_01_Orange.prefab
  artifactKey: Guid(360c73b9bf9a34d4c84bc0581d0499eb) Importer(815301076,1909f56bfc062723c751e8b465ee728b)
Start importing Assets/SyntyStudios/PolygonKnights/Prefabs/Characters/Character_Knight_01_Orange.prefab using Guid(360c73b9bf9a34d4c84bc0581d0499eb) Importer(815301076,1909f56bfc062723c751e8b465ee728b)  -> (artifact id: 'bb6ba60d2ec950e591396fa7af6f46f4') in 0.045477 seconds 
Number of updated asset objects reloaded before import = 0
Number of asset objects unloaded after import = 178
========================================================================
Received Import Request.
  Time since last request: 0.000015 seconds.
  path: Assets/SyntyStudios/PolygonKnights/Prefabs/Characters/Character_Knight_02_Blue.prefab
  artifactKey: Guid(7320372aefdc71442a2cf8b68a738f3b) Importer(815301076,1909f56bfc062723c751e8b465ee728b)
Start importing Assets/SyntyStudios/PolygonKnights/Prefabs/Characters/Character_Knight_02_Blue.prefab using Guid(7320372aefdc71442a2cf8b68a738f3b) Importer(815301076,1909f56bfc062723c751e8b465ee728b)  -> (artifact id: 'cb783b7a6967ea3e507397e4cdbad034') in 0.049181 seconds 
Number of updated asset objects reloaded before import = 0
Number of asset objects unloaded after import = 178
========================================================================
Received Import Request.
  Time since last request: 0.000024 seconds.
  path: Assets/SyntyStudios/PolygonKnights/Prefabs/Characters/Character_Soldier_02_Yellow.prefab
  artifactKey: Guid(0ce8d79c0cd21d640acf39e223c5fd26) Importer(815301076,1909f56bfc062723c751e8b465ee728b)
Start importing Assets/SyntyStudios/PolygonKnights/Prefabs/Characters/Character_Soldier_02_Yellow.prefab using Guid(0ce8d79c0cd21d640acf39e223c5fd26) Importer(815301076,1909f56bfc062723c751e8b465ee728b)  -> (artifact id: '80ae7e02a8e171f898c887f7cd7ee77f') in 0.048491 seconds 
Number of updated asset objects reloaded before import = 0
Number of asset objects unloaded after import = 176
========================================================================
Received Import Request.
  Time since last request: 0.000035 seconds.
  path: Assets/SyntyStudios/PolygonKnights/Prefabs/Characters/Character_Knight_02_Black.prefab
  artifactKey: Guid(f9d38fed7b251cb4f9546516bfaa11c3) Importer(815301076,1909f56bfc062723c751e8b465ee728b)
Start importing Assets/SyntyStudios/PolygonKnights/Prefabs/Characters/Character_Knight_02_Black.prefab using Guid(f9d38fed7b251cb4f9546516bfaa11c3) Importer(815301076,1909f56bfc062723c751e8b465ee728b)  -> (artifact id: '284fa2ba11455bb2aaa547b989ceabdd') in 0.033065 seconds 
Number of updated asset objects reloaded before import = 0
Number of asset objects unloaded after import = 178
========================================================================
Received Import Request.
  Time since last request: 0.000020 seconds.
  path: Assets/SyntyStudios/PolygonKnights/Prefabs/Characters/Character_Soldier_01_Blue.prefab
  artifactKey: Guid(aa03ca6a3953ccc4397f5f35d2aa0a6d) Importer(815301076,1909f56bfc062723c751e8b465ee728b)
Start importing Assets/SyntyStudios/PolygonKnights/Prefabs/Characters/Character_Soldier_01_Blue.prefab using Guid(aa03ca6a3953ccc4397f5f35d2aa0a6d) Importer(815301076,1909f56bfc062723c751e8b465ee728b)  -> (artifact id: '17ceefcc78fb4191d6ba83be686ec705') in 0.028031 seconds 
Number of updated asset objects reloaded before import = 0
Number of asset objects unloaded after import = 178
========================================================================
Received Import Request.
  Time since last request: 32.305749 seconds.
  path: Assets/SyntyStudios/PolygonKnights/Prefabs/Characters/FixedScaleCharacters/Character_Knight_01_Orange.prefab
  artifactKey: Guid(54fee8e3fe360674bb840654a1856247) Importer(815301076,1909f56bfc062723c751e8b465ee728b)
Start importing Assets/SyntyStudios/PolygonKnights/Prefabs/Characters/FixedScaleCharacters/Character_Knight_01_Orange.prefab using Guid(54fee8e3fe360674bb840654a1856247) Importer(815301076,1909f56bfc062723c751e8b465ee728b)  -> (artifact id: 'd9ffdb8b40482b94bb6c160f6b786c9c') in 0.019536 seconds 
Number of updated asset objects reloaded before import = 0
Number of asset objects unloaded after import = 178
========================================================================
Received Import Request.
  Time since last request: 0.000022 seconds.
  path: Assets/SyntyStudios/PolygonKnights/Prefabs/Characters/FixedScaleCharacters/Character_Knight_03_Blue.prefab
  artifactKey: Guid(fc0090dd60d993e4384cf6742d8b0fd9) Importer(815301076,1909f56bfc062723c751e8b465ee728b)
Start importing Assets/SyntyStudios/PolygonKnights/Prefabs/Characters/FixedScaleCharacters/Character_Knight_03_Blue.prefab using Guid(fc0090dd60d993e4384cf6742d8b0fd9) Importer(815301076,1909f56bfc062723c751e8b465ee728b)  -> (artifact id: '83f4b1c1504cf457156b0aa618a6ef90') in 0.021229 seconds 
Number of updated asset objects reloaded before import = 0
Number of asset objects unloaded after import = 178
========================================================================
Received Import Request.
  Time since last request: 0.000023 seconds.
  path: Assets/SyntyStudios/PolygonKnights/Prefabs/Characters/FixedScaleCharacters/Character_Knight_02_Black.prefab
  artifactKey: Guid(f96fa216d8859434fb29ff7cc4930724) Importer(815301076,1909f56bfc062723c751e8b465ee728b)
Start importing Assets/SyntyStudios/PolygonKnights/Prefabs/Characters/FixedScaleCharacters/Character_Knight_02_Black.prefab using Guid(f96fa216d8859434fb29ff7cc4930724) Importer(815301076,1909f56bfc062723c751e8b465ee728b)  -> (artifact id: '718208abf2d953abe9424708c31909cd') in 0.020333 seconds 
Number of updated asset objects reloaded before import = 0
Number of asset objects unloaded after import = 176
========================================================================
Received Import Request.
  Time since last request: 0.000031 seconds.
  path: Assets/SyntyStudios/PolygonKnights/Prefabs/Characters/FixedScaleCharacters/Character_Knight_03_Black.prefab
  artifactKey: Guid(f575356c591a52e47a3f6efa6c18f316) Importer(815301076,1909f56bfc062723c751e8b465ee728b)
Start importing Assets/SyntyStudios/PolygonKnights/Prefabs/Characters/FixedScaleCharacters/Character_Knight_03_Black.prefab using Guid(f575356c591a52e47a3f6efa6c18f316) Importer(815301076,1909f56bfc062723c751e8b465ee728b)  -> (artifact id: 'c42066c64e2e84d4382dcb1f843be3a8') in 0.018659 seconds 
Number of updated asset objects reloaded before import = 0
Number of asset objects unloaded after import = 176
========================================================================
Received Import Request.
  Time since last request: 0.000025 seconds.
  path: Assets/SyntyStudios/PolygonKnights/Prefabs/Characters/FixedScaleCharacters/Character_Soldier_01_Blue.prefab
  artifactKey: Guid(457b3ccefeecdef4a95ba381a0bcedeb) Importer(815301076,1909f56bfc062723c751e8b465ee728b)
Start importing Assets/SyntyStudios/PolygonKnights/Prefabs/Characters/FixedScaleCharacters/Character_Soldier_01_Blue.prefab using Guid(457b3ccefeecdef4a95ba381a0bcedeb) Importer(815301076,1909f56bfc062723c751e8b465ee728b)  -> (artifact id: '53c740797286d4ebcb080e3a3f180cd9') in 0.017682 seconds 
Number of updated asset objects reloaded before import = 0
Number of asset objects unloaded after import = 178
Editor requested this worker to shutdown with reason: Scaling down because of idle timeout
TcpMessagingSession - receive error: operation aborted. errorcode: 995, details: The I/O operation has been aborted because of either a thread exit or an application request.
AssetImportWorker is now disconnected from the server
Process exiting
Exiting without the bug reporter. Application will terminate with return code 0